<?xml version="1.0" encoding="UTF-8"?>
<!-- Generated by org.testng.reporters.JUnitReportReporter -->
<testsuite name="testng.test" tests="2" time="0.006" ignored="0" failures="0" timestamp="01 十二月 2017 09:33:09 GMT" skipped="0" hostname="DESKTOP-RFMR0HT" errors="0">
  <testcase name="aFastTest" time="0.006" classname="testng.test"/>
  <testcase name="aSlowTest" time="0.000" classname="testng.test"/>
</testsuite> <!-- testng.test -->
